1766143812000 GET /
1766143813130 GET /favicon.ico
1766143838967 GET /about
1766143847896 GET /contact
1766143856142 GET /signup
1766143861241 GET /signin
1766143872106 GET /signin
1766143954267 GET /
1766143961337 GET /about
1766143974520 GET /singup
1766143996266 GET /
1766144000596 GET /signup
1766144002920 GET /signup
1766144003131 GET /signup
1766144009411 GET /signin
1766144032948 GET /signup
1766144483181 GET /
1766144492829 GET /data
1766144499859 GET /info
1766144519360 GET /
1766144520185 GET /signin
1766144529384 GET /
1766144529713 GET /signup
1766144530002 GET /signup
1766144545418 GET /contact
1766144672486 GET /
1766144680067 GET /signin
1766144685340 GET /signup
1766144685627 GET /signup
1766144715520 GET /info
1766144756926 GET /info?name=Yashwanth&Age=23&roll-no=321506402029/
1766144759969 GET /info?name=Yashwanth&Age=23&roll-no=321506402029/
1766144957333 GET /about
1766144957521 GET /about
1766144973874 GET /
1766144981879 GET /about
1766145129104 GET /about
1766145145707 GET /
1766145156121 GET /about
1766145172500 GET /about?name=Yashwanth&age=23
1766312230709 GET /
1766312256720 GET /about
1766312265129 GET /about
1766312265167 GET /favicon.ico
1766312274907 GET /about?name=Yashwanth&age=23
1766394932619 GET /
1766394932749 GET /favicon.ico
1766394934540 GET /
1766394934954 GET /
1766394979920 GET /about
1766394985508 GET /about?name=Yashwanth&age=23
